This is pdfTeX, Version 3.1415926-2.3-1.40.12 (MiKTeX 2.9) (preloaded format=pdflatex 2016.11.29)  24 OCT 2017 09:56
entering extended mode
**C:/Users/zhoushiqi/Desktop/github/draft-in-RTM-elastic/Elastic*Wave*in*Halfsp
ace.tex

("C:/Users/zhoushiqi/Desktop/github/draft-in-RTM-elastic/Elastic Wave in Halfsp
ace.tex"
LaTeX2e <2011/06/27>
Babel <v3.8m> and hyphenation patterns for loaded.
(C:\Users\zhoushiqi\Desktop\github\draft-in-RTM-elastic\iopart.cls
Document Class: iopart 1996/06/10 v0.0 IOP Journals LaTeX article class
(C:\Users\zhoushiqi\Desktop\github\draft-in-RTM-elastic\iopart12.clo
File: iopart12.clo 1997/01/15 v1.0 LaTeX2e file (size option)
)
\c@jnl=\count79
\c@section=\count80
\c@subsection=\count81
\c@subsubsection=\count82
\c@paragraph=\count83
\c@subparagraph=\count84
\c@figure=\count85
\c@table=\count86
\abovecaptionskip=\skip41
\belowcaptionskip=\skip42
\indentedwidth=\skip43
\mathindent=\dimen102
\c@eqnval=\count87
)
(C:\Users\zhoushiqi\Desktop\github\draft-in-RTM-elastic\iopams.sty
Package: iopams 1997/02/13 v1.0

(C:\CTEX\MiKTeX\tex\latex\ams\math\amsgen.sty
File: amsgen.sty 1999/11/30 v2.0
\@emptytoks=\toks14
\ex@=\dimen103
)
(C:\CTEX\MiKTeX\tex\latex\amsfonts\amsfonts.sty
Package: amsfonts 2009/06/22 v3.00 Basic AMSFonts support
\symAMSa=\mathgroup4
\symAMSb=\mathgroup5
LaTeX Font Info:    Overwriting math alphabet `\mathfrak' in version `bold'
(Font)                  U/euf/m/n --> U/euf/b/n on input line 96.
)
(C:\CTEX\MiKTeX\tex\latex\amsfonts\amssymb.sty
Package: amssymb 2009/06/22 v3.00
)
(C:\CTEX\MiKTeX\tex\latex\ams\math\amsbsy.sty
Package: amsbsy 1999/11/29 v1.2d
\pmbraise@=\dimen104
))
(C:\CTEX\MiKTeX\tex\latex\graphics\epsfig.sty
Package: epsfig 1999/02/16 v1.7a (e)psfig emulation (SPQR)

(C:\CTEX\MiKTeX\tex\latex\graphics\graphicx.sty
Package: graphicx 1999/02/16 v1.0f Enhanced LaTeX Graphics (DPC,SPQR)

(C:\CTEX\MiKTeX\tex\latex\graphics\keyval.sty
Package: keyval 1999/03/16 v1.13 key=value parser (DPC)
\KV@toks@=\toks15
)
(C:\CTEX\MiKTeX\tex\latex\graphics\graphics.sty
Package: graphics 2009/02/05 v1.0o Standard LaTeX Graphics (DPC,SPQR)

(C:\CTEX\MiKTeX\tex\latex\graphics\trig.sty
Package: trig 1999/03/16 v1.09 sin cos tan (DPC)
)
(C:\CTEX\MiKTeX\tex\latex\00miktex\graphics.cfg
File: graphics.cfg 2007/01/18 v1.5 graphics configuration of teTeX/TeXLive
)
Package graphics Info: Driver file: pdftex.def on input line 91.

(C:\CTEX\MiKTeX\tex\latex\pdftex-def\pdftex.def
File: pdftex.def 2011/05/27 v0.06d Graphics/color for pdfTeX

(C:\CTEX\MiKTeX\tex\generic\oberdiek\infwarerr.sty
Package: infwarerr 2010/04/08 v1.3 Providing info/warning/message (HO)
)
(C:\CTEX\MiKTeX\tex\generic\oberdiek\ltxcmds.sty
Package: ltxcmds 2011/04/18 v1.20 LaTeX kernel commands for general use (HO)
)
\Gread@gobject=\count88
))
\Gin@req@height=\dimen105
\Gin@req@width=\dimen106
)
\epsfxsize=\dimen107
\epsfysize=\dimen108
)
(C:\CTEX\MiKTeX\tex\latex\base\latexsym.sty
Package: latexsym 1998/08/17 v2.2e Standard LaTeX package (lasy symbols)
\symlasy=\mathgroup6
LaTeX Font Info:    Overwriting symbol font `lasy' in version `bold'
(Font)                  U/lasy/m/n --> U/lasy/b/n on input line 47.
)
(C:\CTEX\MiKTeX\tex\latex\graphics\color.sty
Package: color 2005/11/14 v1.0j Standard LaTeX Color (DPC)

(C:\CTEX\MiKTeX\tex\latex\00miktex\color.cfg
File: color.cfg 2007/01/18 v1.5 color configuration of teTeX/TeXLive
)
Package color Info: Driver file: pdftex.def on input line 130.
)
("C:\Users\zhoushiqi\Desktop\github\draft-in-RTM-elastic\Elastic Wave in Halfsp
ace.aux"

LaTeX Warning: Label `assume1' multiply defined.


LaTeX Warning: Label `pr_dgreen' multiply defined.


LaTeX Warning: Label `pr_dgreen1' multiply defined.


LaTeX Warning: Label `pr_dgreen2' multiply defined.


LaTeX Warning: Label `d_expan' multiply defined.


LaTeX Warning: Label `pr_dgreen3' multiply defined.


LaTeX Warning: Label `d_convention1' multiply defined.

)
LaTeX Font Info:    Checking defaults for OML/cmm/m/it on input line 16.
LaTeX Font Info:    ... okay on input line 16.
LaTeX Font Info:    Checking defaults for T1/cmr/m/n on input line 16.
LaTeX Font Info:    ... okay on input line 16.
LaTeX Font Info:    Checking defaults for OT1/cmr/m/n on input line 16.
LaTeX Font Info:    ... okay on input line 16.
LaTeX Font Info:    Checking defaults for OMS/cmsy/m/n on input line 16.
LaTeX Font Info:    ... okay on input line 16.
LaTeX Font Info:    Checking defaults for OMX/cmex/m/n on input line 16.
LaTeX Font Info:    ... okay on input line 16.
LaTeX Font Info:    Checking defaults for U/cmr/m/n on input line 16.
LaTeX Font Info:    ... okay on input line 16.
 (C:\CTEX\MiKTeX\tex\context\base\supp-pdf.mkii
[Loading MPS to PDF converter (version 2006.09.02).]
\scratchcounter=\count89
\scratchdimen=\dimen109
\scratchbox=\box26
\nofMPsegments=\count90
\nofMParguments=\count91
\everyMPshowfont=\toks16
\MPscratchCnt=\count92
\MPscratchDim=\dimen110
\MPnumerator=\count93
\makeMPintoPDFobject=\count94
\everyMPtoPDFconversion=\toks17
) [1

{C:/CTEX/UserData/pdftex/config/pdftex.map{Unicode.sfd}{UGBK.sfd}}]
\c@lem=\count95
\c@prop=\count96
\c@cor=\count97
\c@thm=\count98
\c@rem=\count99
\c@alg=\count100
\c@assum=\count101
\c@definition=\count102
\c@RomanNumber=\count103
LaTeX Font Info:    Try loading font information for U+msa on input line 136.

(C:\CTEX\MiKTeX\tex\latex\amsfonts\umsa.fd
File: umsa.fd 2009/06/22 v3.00 AMS symbols A
)
LaTeX Font Info:    Try loading font information for U+msb on input line 136.

(C:\CTEX\MiKTeX\tex\latex\amsfonts\umsb.fd
File: umsb.fd 2009/06/22 v3.00 AMS symbols B
)
LaTeX Font Info:    Try loading font information for U+lasy on input line 136.

(C:\CTEX\MiKTeX\tex\latex\base\ulasy.fd
File: ulasy.fd 1998/08/17 v2.2e LaTeX symbol font definitions
) [2]
Overfull \hbox (8.24463pt too wide) in alignment at lines 193--203
 [] [] [] [] 
 []

[3] [4]
Underfull \hbox (badness 10000) in paragraph at lines 300--302

 []

[5]
Underfull \hbox (badness 10000) in paragraph at lines 323--326

 []


Underfull \hbox (badness 10000) in paragraph at lines 361--365

 []

[6]
Underfull \hbox (badness 10000) in paragraph at lines 414--417

 []

[7] [8] [9] [10]
Overfull \hbox (14.33205pt too wide) in alignment at lines 590--596
 [] [] [] [] 
 []

[11] [12] [13] [14]
Overfull \hbox (14.33205pt too wide) in alignment at lines 751--757
 [] [] [] [] 
 []

[15] [16]
Underfull \hbox (badness 10000) in paragraph at lines 801--804

 []

[17] [18]
Underfull \hbox (badness 10000) in paragraph at lines 914--916

 []

[19]
Missing character: There is no Ä in font cmti12!
Missing character: There is no Ú in font cmti12!
Missing character: There is no È in font cmti12!
Missing character: There is no Ý in font cmti12!
 [20] [21] [22]
Underfull \hbox (badness 10000) in paragraph at lines 1068--1072

 []

[23]
Missing character: There is no £ in font cmr12!
Missing character: There is no ­ in font cmr12!

Overfull \hbox (40.89989pt too wide) in alignment at lines 1093--1098
 [] [] [] [] 
 []


Underfull \hbox (badness 10000) in paragraph at lines 1098--1101

 []

[24]
Overfull \hbox (32.7782pt too wide) in alignment at lines 1162--1165
 [] [] [] [] 
 []

[25]
Underfull \hbox (badness 10000) in paragraph at lines 1193--1196

 []

[26]
Underfull \hbox (badness 10000) in paragraph at lines 1255--1258

 []

[27]
Underfull \hbox (badness 10000) in paragraph at lines 1288--1291

 []

[28]
Underfull \hbox (badness 10000) in paragraph at lines 1332--1335

 []


Underfull \hbox (badness 10000) in paragraph at lines 1340--1343

 []

[29] [30]
Underfull \hbox (badness 10000) in paragraph at lines 1423--1426

 []

[31]
("C:\Users\zhoushiqi\Desktop\github\draft-in-RTM-elastic\Elastic Wave in Halfsp
ace.bbl"
Missing character: There is no ¨ in font cmr10!
Missing character: There is no ¨ in font cmr10!
) [32]
("C:\Users\zhoushiqi\Desktop\github\draft-in-RTM-elastic\Elastic Wave in Halfsp
ace.aux")

LaTeX Warning: There were multiply-defined labels.

 ) 
Here is how much of TeX's memory you used:
 2066 strings out of 495354
 23198 string characters out of 3183858
 84847 words of memory out of 3000000
 5221 multiletter control sequences out of 15000+200000
 13839 words of font info for 53 fonts, out of 3000000 for 9000
 14 hyphenation exceptions out of 8191
 34i,12n,24p,943b,195s stack positions out of 5000i,500n,10000p,200000b,50000s
<C:/CTEX/MiKTeX/fonts/type1/public/amsfonts/cm/cmbx12.pfb><C:/CTEX/MiKTeX/fon
ts/type1/public/amsfonts/cm/cmbx6.pfb><C:/CTEX/MiKTeX/fonts/type1/public/amsfon
ts/cm/cmbx8.pfb><C:/CTEX/MiKTeX/fonts/type1/public/amsfonts/cm/cmex10.pfb><C:/C
TEX/MiKTeX/fonts/type1/public/amsfonts/cm/cmmi12.pfb><C:/CTEX/MiKTeX/fonts/type
1/public/amsfonts/cm/cmmi6.pfb><C:/CTEX/MiKTeX/fonts/type1/public/amsfonts/cm/c
mmi8.pfb><C:/CTEX/MiKTeX/fonts/type1/public/amsfonts/cm/cmr10.pfb><C:/CTEX/MiKT
eX/fonts/type1/public/amsfonts/cm/cmr12.pfb><C:/CTEX/MiKTeX/fonts/type1/public/
amsfonts/cm/cmr6.pfb><C:/CTEX/MiKTeX/fonts/type1/public/amsfonts/cm/cmr8.pfb><C
:/CTEX/MiKTeX/fonts/type1/public/amsfonts/cm/cmsy10.pfb><C:/CTEX/MiKTeX/fonts/t
ype1/public/amsfonts/cm/cmsy6.pfb><C:/CTEX/MiKTeX/fonts/type1/public/amsfonts/c
m/cmsy8.pfb><C:/CTEX/MiKTeX/fonts/type1/public/amsfonts/cm/cmti10.pfb><C:/CTEX/
MiKTeX/fonts/type1/public/amsfonts/cm/cmti12.pfb><C:/CTEX/MiKTeX/fonts/type1/pu
blic/amsfonts/latxfont/lasy10.pfb><C:/CTEX/MiKTeX/fonts/type1/public/amsfonts/s
ymbols/msbm10.pfb>
Output written on "Elastic Wave in Halfspace.pdf" (32 pages, 384397 bytes).
PDF statistics:
 177 PDF objects out of 1000 (max. 8388607)
 0 named destinations out of 1000 (max. 500000)
 1 words of extra memory for PDF output out of 10000 (max. 10000000)

