This is pdfTeX, Version 3.1415926-2.3-1.40.12 (MiKTeX 2.9) (preloaded format=pdflatex 2016.11.29)  22 SEP 2017 09:34
entering extended mode
**C:/Users/zhoushiqi/Desktop/Elastic*Wave*Problem*in*Half-space*-*2/draft-in-RT
M-elastic/Elastic*Wave*in*Halfspace1.tex

("C:/Users/zhoushiqi/Desktop/Elastic Wave Problem in Half-space - 2/draft-in-RT
M-elastic/Elastic Wave in Halfspace1.tex"
LaTeX2e <2011/06/27>
Babel <v3.8m> and hyphenation patterns for loaded.

! LaTeX Error: File `iopart.cls' not found.

Type X to quit or <RETURN> to proceed,
or enter new name. (Default extension: cls)

Enter file name: 
! Emergency stop.
<read *> 
         
l.3 \pdfoutput
              =1
End of file on the terminal!

 
Here is how much of TeX's memory you used:
 12 strings out of 495354
 496 string characters out of 3183858
 44842 words of memory out of 3000000
 3279 multiletter control sequences out of 15000+200000
 3640 words of font info for 14 fonts, out of 3000000 for 9000
 14 hyphenation exceptions out of 8191
 10i,0n,7p,149b,8s stack positions out of 5000i,500n,10000p,200000b,50000s
!  ==> Fatal error occurred, no output PDF file produced!
